<?xml version="1.0" encoding="UTF-8"?>
<Site BuildName="(empty)"
	BuildStamp="20240813-2041-Experimental"
	Name="thomas"
	Generator="ctest-3.26.4"
	CompilerName="/usr/bin/g++"
	CompilerVersion="7.5.0"
	OSName="Linux"
	Hostname="thomas"
	OSRelease="5.4.0-150-generic"
	OSVersion="#167~18.04.1-Ubuntu SMP Wed May 24 00:51:42 UTC 2023"
	OSPlatform="x86_64"
	Is64Bits="1"
	VendorString="GenuineIntel"
	VendorID="Intel Corporation"
	FamilyID="6"
	ModelID="85"
	ProcessorCacheSize="11264"
	NumberOfLogicalCPU="16"
	NumberOfPhysicalCPU="8"
	TotalVirtualMemory="2047"
	TotalPhysicalMemory="31793"
	LogicalProcessorsPerPhysical="2"
	ProcessorClockFrequency="3878.59"
	>
	<Testing>
		<StartDateTime>Aug 13 15:41 CDT</StartDateTime>
		<StartTestTime>1723581712</StartTestTime>
		<TestList/>
		<EndDateTime>Aug 13 15:41 CDT</EndDateTime>
		<EndTestTime>1723581712</EndTestTime>
		<ElapsedMinutes>0</ElapsedMinutes>
	</Testing>
</Site>
